<?xml version="1.0" encoding="utf-8"?><testsuites name="pytest tests"><testsuite name="pytest" errors="0" failures="0" skipped="0" tests="16" time="2.042" timestamp="2026-06-25T09:48:14.535984+00:00" hostname="agent-env-fe6fcb45-89d0-4a42-886c-54ca1c182e91"><testcase classname="backend.tests.test_sm_paints" name="test_site_config" time="0.239" /><testcase classname="backend.tests.test_sm_paints" name="test_products_count" time="0.044" /><testcase classname="backend.tests.test_sm_paints" name="test_products_vespa" time="0.042" /><testcase classname="backend.tests.test_sm_paints" name="test_products_galleria" time="0.046" /><testcase classname="backend.tests.test_sm_paints" name="test_product_detail_has_tech_fields" time="0.097" /><testcase classname="backend.tests.test_sm_paints" name="test_colors_count" time="0.046" /><testcase classname="backend.tests.test_sm_paints" name="test_colors_collections" time="0.046" /><testcase classname="backend.tests.test_sm_paints" name="test_colors_filter_collection" time="0.041" /><testcase classname="backend.tests.test_sm_paints" name="test_colors_filter_family" time="0.041" /><testcase classname="backend.tests.test_sm_paints" name="test_gallery_count" time="0.043" /><testcase classname="backend.tests.test_sm_paints" name="test_inquiry_create" time="0.089" /><testcase classname="backend.tests.test_sm_paints" name="test_admin_login_and_me" time="0.315" /><testcase classname="backend.tests.test_sm_paints" name="test_admin_login_wrong_password" time="0.305" /><testcase classname="backend.tests.test_sm_paints" name="test_admin_create_product_with_new_schema" time="0.227" /><testcase classname="backend.tests.test_sm_paints" name="test_admin_inquiries_list" time="0.084" /><testcase classname="backend.tests.test_sm_paints" name="test_admin_create_color" time="0.086" /></testsuite></testsuites>