<?xml version="1.0" encoding="utf-8"?><testsuites name="pytest tests"><testsuite name="pytest" errors="0" failures="0" skipped="0" tests="15" time="1.588" timestamp="2026-06-26T10:33:45.242899+00:00" hostname="agent-env-fe6fcb45-89d0-4a42-886c-54ca1c182e91"><testcase classname="backend.tests.test_sm_paints" name="test_site_config_branding" time="0.174" /><testcase classname="backend.tests.test_sm_paints" name="test_products_total_count" time="0.050" /><testcase classname="backend.tests.test_sm_paints" name="test_products_line_vespa" time="0.045" /><testcase classname="backend.tests.test_sm_paints" name="test_products_line_galleria" time="0.045" /><testcase classname="backend.tests.test_sm_paints" name="test_products_line_general" time="0.045" /><testcase classname="backend.tests.test_sm_paints" name="test_products_removed_legacy" time="0.051" /><testcase classname="backend.tests.test_sm_paints" name="test_products_category_emulsion" time="0.050" /><testcase classname="backend.tests.test_sm_paints" name="test_products_featured" time="0.045" /><testcase classname="backend.tests.test_sm_paints" name="test_product_detail_tech_fields" time="0.089" /><testcase classname="backend.tests.test_sm_paints" name="test_colors_count_116" time="0.046" /><testcase classname="backend.tests.test_sm_paints" name="test_colors_4_collections" time="0.051" /><testcase classname="backend.tests.test_sm_paints" name="test_inquiry_create_minimal" time="0.063" /><testcase classname="backend.tests.test_sm_paints" name="test_admin_login_me" time="0.313" /><testcase classname="backend.tests.test_sm_paints" name="test_admin_create_general_product" time="0.189" /><testcase classname="backend.tests.test_sm_paints" name="test_admin_inquiries_list" time="0.043" /></testsuite></testsuites>